producer_class	xtools.gsea.GseaPreranked
producer_timestamp	1667342500005
param	rnd_seed	timestamp
param	rpt_label	my_analysis
param	set_min	15
param	chip	ftp.broadinstitute.org://pub/gsea/msigdb/mouse/annotations/Mouse_RefSeq_Accession_Extended_MSigDB.v2022.1.Mm.chip
param	zip_report	false
param	create_svgs	false
param	scoring_scheme	weighted
param	rnk	C:\GitHub\dnFGFR\deseq_outputs\effect_housing_dnFGFR_res\deseq_dnfgfr_res_for_gsea.rnk
param	norm	meandiv
param	out	C:\Users\Gallifrey\gsea_home\output\nov01
param	mode	Abs_max_of_probes
param	include_only_symbols	true
param	help	false
param	set_max	500
param	gmx	ftp.broadinstitute.org://pub/gsea/msigdb/mouse/gene_sets/m5.go.bp.v2022.1.Mm.symbols.gmt
param	make_sets	true
param	plot_top_x	20
param	gui	false
param	nperm	1000
param	collapse	No_Collapse

file	C:\Users\Gallifrey\gsea_home\output\nov01\my_analysis.GseaPreranked.1667342500005\index.html
